<?xml version="1.0" encoding="UTF-8"?>
<!-- Generated by org.testng.reporters.JUnitReportReporter -->
<testsuite hostname="DESKTOP-2GL3S1F" failures="0" tests="1" name="com.reports.tests.ExplicitWaitTest" time="12.541" errors="0" timestamp="2024-04-02T08:59:07 COT" skipped="0">
  <testcase classname="com.reports.tests.ExplicitWaitTest" name="verifyAward" time="12.541"/>
</testsuite> <!-- com.reports.tests.ExplicitWaitTest -->
