<?xml version="1.0" encoding="UTF-8"?>
<!-- Generated by org.testng.reporters.JUnitReportReporter -->
<testsuite hostname="DESKTOP-2GL3S1F" failures="0" tests="1" name="com.reports.tests.FluentWaitTest" time="14.308" errors="0" timestamp="2024-04-02T09:13:05 COT" skipped="0">
  <testcase classname="com.reports.tests.FluentWaitTest" name="verifyLandscape" time="14.308"/>
</testsuite> <!-- com.reports.tests.FluentWaitTest -->
