<?xml version="1.0" encoding="UTF-8"?>
<!-- Generated by org.testng.reporters.JUnitReportReporter -->
<testsuite hostname="DESKTOP-2GL3S1F" failures="0" tests="1" name="com.reports.tests.ImplicitWaitTest" time="9.965" errors="0" timestamp="2024-04-02T07:52:33 COT" skipped="0">
  <testcase classname="com.reports.tests.ImplicitWaitTest" name="verifyCalendar" time="9.965"/>
</testsuite> <!-- com.reports.tests.ImplicitWaitTest -->
